This file contains any messages produced by compilers while
running configure, to aid debugging if configure makes a mistake.

It was created by ParseM configure 0.1, which was
generated by GNU Autoconf 2.68.  Invocation command line was

  $ ./configure --with-hts=/home/uqmimelf/local/opt/htslib

## --------- ##
## Platform. ##
## --------- ##

hostname = erebus
uname -m = x86_64
uname -r = 3.2.0-57-generic
uname -s = Linux
uname -v = #87-Ubuntu SMP Tue Nov 12 21:35:10 UTC 2013

/usr/bin/uname -p = unknown
/bin/uname -X     = unknown

/bin/arch              = unknown
/usr/bin/arch -k       = unknown
/usr/convex/getsysinfo = unknown
/usr/bin/hostinfo      = unknown
/bin/machine           = unknown
/usr/bin/oslevel       = unknown
/bin/universe          = unknown

PATH: /home/uqmimelf/local/bin
PATH: /usr/local/sbin
PATH: /usr/local/bin
PATH: /usr/sbin
PATH: /usr/bin
PATH: /sbin
PATH: /bin
PATH: /usr/games


## ----------- ##
## Core tests. ##
## ----------- ##

configure:1862: checking for gcc
configure:1878: found /usr/bin/gcc
configure:1889: result: gcc
configure:2118: checking for C compiler version
configure:2127: gcc --version >&5
gcc (Ubuntu/Linaro 4.6.3-1ubuntu5) 4.6.3
Copyright (C) 2011 Free Software Foundation, Inc.
This is free software; see the source for copying conditions.  There is NO
warranty; not even for MERCHANTABILITY or FITNESS FOR A PARTICULAR PURPOSE.

configure:2138: $? = 0
configure:2127: gcc -v >&5
Using built-in specs.
COLLECT_GCC=gcc
COLLECT_LTO_WRAPPER=/usr/lib/gcc/x86_64-linux-gnu/4.6/lto-wrapper
Target: x86_64-linux-gnu
Configured with: ../src/configure -v --with-pkgversion='Ubuntu/Linaro 4.6.3-1ubuntu5' --with-bugurl=file:///usr/share/doc/gcc-4.6/README.Bugs --enable-languages=c,c++,fortran,objc,obj-c++ --prefix=/usr --program-suffix=-4.6 --enable-shared --enable-linker-build-id --with-system-zlib --libexecdir=/usr/lib --without-included-gettext --enable-threads=posix --with-gxx-include-dir=/usr/include/c++/4.6 --libdir=/usr/lib --enable-nls --with-sysroot=/ --enable-clocale=gnu --enable-libstdcxx-debug --enable-libstdcxx-time=yes --enable-gnu-unique-object --enable-plugin --enable-objc-gc --disable-werror --with-arch-32=i686 --with-tune=generic --enable-checking=release --build=x86_64-linux-gnu --host=x86_64-linux-gnu --target=x86_64-linux-gnu
Thread model: posix
gcc version 4.6.3 (Ubuntu/Linaro 4.6.3-1ubuntu5) 
configure:2138: $? = 0
configure:2127: gcc -V >&5
gcc: error: unrecognized option '-V'
gcc: fatal error: no input files
compilation terminated.
configure:2138: $? = 4
configure:2127: gcc -qversion >&5
gcc: error: unrecognized option '-qversion'
gcc: fatal error: no input files
compilation terminated.
configure:2138: $? = 4
configure:2158: checking whether the C compiler works
configure:2180: gcc    conftest.c  >&5
configure:2184: $? = 0
configure:2232: result: yes
configure:2235: checking for C compiler default output file name
configure:2237: result: a.out
configure:2243: checking for suffix of executables
configure:2250: gcc -o conftest    conftest.c  >&5
configure:2254: $? = 0
configure:2276: result: 
configure:2298: checking whether we are cross compiling
configure:2306: gcc -o conftest    conftest.c  >&5
configure:2310: $? = 0
configure:2317: ./conftest
configure:2321: $? = 0
configure:2336: result: no
configure:2341: checking for suffix of object files
configure:2363: gcc -c   conftest.c >&5
configure:2367: $? = 0
configure:2388: result: o
configure:2392: checking whether we are using the GNU C compiler
configure:2411: gcc -c   conftest.c >&5
configure:2411: $? = 0
configure:2420: result: yes
configure:2429: checking whether gcc accepts -g
configure:2449: gcc -c -g  conftest.c >&5
configure:2449: $? = 0
configure:2490: result: yes
configure:2507: checking for gcc option to accept ISO C89
configure:2571: gcc  -c -g -O2  conftest.c >&5
configure:2571: $? = 0
configure:2584: result: none needed
configure:2662: checking for g++
configure:2678: found /usr/bin/g++
configure:2689: result: g++
configure:2716: checking for C++ compiler version
configure:2725: g++ --version >&5
g++ (Ubuntu/Linaro 4.6.3-1ubuntu5) 4.6.3
Copyright (C) 2011 Free Software Foundation, Inc.
This is free software; see the source for copying conditions.  There is NO
warranty; not even for MERCHANTABILITY or FITNESS FOR A PARTICULAR PURPOSE.

configure:2736: $? = 0
configure:2725: g++ -v >&5
Using built-in specs.
COLLECT_GCC=g++
COLLECT_LTO_WRAPPER=/usr/lib/gcc/x86_64-linux-gnu/4.6/lto-wrapper
Target: x86_64-linux-gnu
Configured with: ../src/configure -v --with-pkgversion='Ubuntu/Linaro 4.6.3-1ubuntu5' --with-bugurl=file:///usr/share/doc/gcc-4.6/README.Bugs --enable-languages=c,c++,fortran,objc,obj-c++ --prefix=/usr --program-suffix=-4.6 --enable-shared --enable-linker-build-id --with-system-zlib --libexecdir=/usr/lib --without-included-gettext --enable-threads=posix --with-gxx-include-dir=/usr/include/c++/4.6 --libdir=/usr/lib --enable-nls --with-sysroot=/ --enable-clocale=gnu --enable-libstdcxx-debug --enable-libstdcxx-time=yes --enable-gnu-unique-object --enable-plugin --enable-objc-gc --disable-werror --with-arch-32=i686 --with-tune=generic --enable-checking=release --build=x86_64-linux-gnu --host=x86_64-linux-gnu --target=x86_64-linux-gnu
Thread model: posix
gcc version 4.6.3 (Ubuntu/Linaro 4.6.3-1ubuntu5) 
configure:2736: $? = 0
configure:2725: g++ -V >&5
g++: error: unrecognized option '-V'
g++: fatal error: no input files
compilation terminated.
configure:2736: $? = 4
configure:2725: g++ -qversion >&5
g++: error: unrecognized option '-qversion'
g++: fatal error: no input files
compilation terminated.
configure:2736: $? = 4
configure:2740: checking whether we are using the GNU C++ compiler
configure:2759: g++ -c   conftest.cpp >&5
configure:2759: $? = 0
configure:2768: result: yes
configure:2777: checking whether g++ accepts -g
configure:2797: g++ -c -g  conftest.cpp >&5
configure:2797: $? = 0
configure:2838: result: yes
configure:2865: checking for lgamma,log,exp in -lm
configure:2890: gcc -o conftest -g -O2   conftest.c -lm   >&5
conftest.c:16:6: warning: built-in function 'lgamma' declared as non-function [enabled by default]
conftest.c:16:13: warning: built-in function 'log' declared as non-function [enabled by default]
conftest.c:16:17: warning: conflicting types for built-in function 'exp' [enabled by default]
configure:2890: $? = 0
configure:2899: result: yes
configure:2914: checking for cfuhash_new_with_initial_size in -lcfu
configure:2939: gcc -o conftest -g -O2   conftest.c -lcfu   >&5
configure:2939: $? = 0
configure:2948: result: yes
configure:3089: creating ./config.status

## ---------------------- ##
## Running config.status. ##
## ---------------------- ##

This file was extended by ParseM config.status 0.1, which was
generated by GNU Autoconf 2.68.  Invocation command line was

  CONFIG_FILES    = 
  CONFIG_HEADERS  = 
  CONFIG_LINKS    = 
  CONFIG_COMMANDS = 
  $ ./config.status 

on erebus

config.status:802: creating Makefile
config.status:802: creating config.h
config.status:972: config.h is unchanged

## ---------------- ##
## Cache variables. ##
## ---------------- ##

ac_cv_c_compiler_gnu=yes
ac_cv_cxx_compiler_gnu=yes
ac_cv_env_CCC_set=
ac_cv_env_CCC_value=
ac_cv_env_CC_set=
ac_cv_env_CC_value=
ac_cv_env_CFLAGS_set=
ac_cv_env_CFLAGS_value=
ac_cv_env_CPPFLAGS_set=
ac_cv_env_CPPFLAGS_value=
ac_cv_env_CXXFLAGS_set=
ac_cv_env_CXXFLAGS_value=
ac_cv_env_CXX_set=
ac_cv_env_CXX_value=
ac_cv_env_LDFLAGS_set=
ac_cv_env_LDFLAGS_value=
ac_cv_env_LIBS_set=
ac_cv_env_LIBS_value=
ac_cv_env_build_alias_set=
ac_cv_env_build_alias_value=
ac_cv_env_host_alias_set=
ac_cv_env_host_alias_value=
ac_cv_env_target_alias_set=
ac_cv_env_target_alias_value=
ac_cv_lib_cfu_cfuhash_new_with_initial_size=yes
ac_cv_lib_m_lgamma_log_exp=yes
ac_cv_objext=o
ac_cv_prog_ac_ct_CC=gcc
ac_cv_prog_ac_ct_CXX=g++
ac_cv_prog_cc_c89=
ac_cv_prog_cc_g=yes
ac_cv_prog_cxx_g=yes

## ----------------- ##
## Output variables. ##
## ----------------- ##

CC='gcc'
CFLAGS='-g -O2'
CPPFLAGS=''
CXX='g++'
CXXFLAGS='-g -O2'
DEFS='-DHAVE_CONFIG_H'
ECHO_C=''
ECHO_N='-n'
ECHO_T=''
EXEEXT=''
HTS_LIB_LOC='/home/uqmimelf/local/opt/htslib'
LDFLAGS=''
LIBOBJS=''
LIBS=''
LTLIBOBJS=''
OBJEXT='o'
PACKAGE_BUGREPORT='mike@mikeimelfort.com'
PACKAGE_NAME='ParseM'
PACKAGE_STRING='ParseM 0.1'
PACKAGE_TARNAME='parsem'
PACKAGE_URL=''
PACKAGE_VERSION='0.1'
PATH_SEPARATOR=':'
SHELL='/bin/bash'
ac_ct_CC='gcc'
ac_ct_CXX='g++'
bindir='${exec_prefix}/bin'
build_alias=''
datadir='${datarootdir}'
datarootdir='${prefix}/share'
docdir='${datarootdir}/doc/${PACKAGE_TARNAME}'
dvidir='${docdir}'
exec_prefix='${prefix}'
host_alias=''
htmldir='${docdir}'
includedir='${prefix}/include'
infodir='${datarootdir}/info'
libdir='${exec_prefix}/lib'
libexecdir='${exec_prefix}/libexec'
localedir='${datarootdir}/locale'
localstatedir='${prefix}/var'
mandir='${datarootdir}/man'
oldincludedir='/usr/include'
pdfdir='${docdir}'
prefix='/usr/local'
program_transform_name='s,x,x,'
psdir='${docdir}'
sbindir='${exec_prefix}/sbin'
sharedstatedir='${prefix}/com'
sysconfdir='${prefix}/etc'
target_alias=''

## ----------- ##
## confdefs.h. ##
## ----------- ##

/* confdefs.h */
#define PACKAGE_NAME "ParseM"
#define PACKAGE_TARNAME "parsem"
#define PACKAGE_VERSION "0.1"
#define PACKAGE_STRING "ParseM 0.1"
#define PACKAGE_BUGREPORT "mike@mikeimelfort.com"
#define PACKAGE_URL ""
#define HAVE_M 1
#define HAVE_CFULIB 1

configure: exit 0
